RFC1213-MIB::sysDescr.0 = STRING: "ConnectUPS Web/SNMP Card V4.28"
RFC1213-MIB::sysObjectID.0 = OID: RFC1155-SMI::enterprises.534.1
RFC1213-MIB::sysUpTime.0 = Timeticks: (2147837) 5:57:58.37
RFC1213-MIB::sysContact.0 = ""
RFC1213-MIB::sysName.0 = STRING: "ConnectUPS Web/SNMP Card"
RFC1213-MIB::sysLocation.0 = ""
RFC1213-MIB::sysServices.0 = INTEGER: 72
RFC1213-MIB::ifNumber.0 = INTEGER: 1
RFC1213-MIB::ifIndex.1 = INTEGER: 1
RFC1213-MIB::ifDescr.1 = STRING: "UM9008"
RFC1213-MIB::ifType.1 = INTEGER: iso88023-csmacd(7)
RFC1213-MIB::ifMtu.1 = INTEGER: 1500
RFC1213-MIB::ifSpeed.1 = Gauge32: 10000000
RFC1213-MIB::ifPhysAddress.1 = Hex-STRING: 00 E0 D8 12 7B 64 
RFC1213-MIB::ifAdminStatus.1 = INTEGER: up(1)
RFC1213-MIB::ifOperStatus.1 = INTEGER: up(1)
RFC1213-MIB::ifLastChange.1 = Timeticks: (2147840) 5:57:58.40
RFC1213-MIB::ifInOctets.1 = Counter32: 4730045
RFC1213-MIB::ifInUcastPkts.1 = Counter32: 17944
RFC1213-MIB::ifInNUcastPkts.1 = Counter32: 13420
RFC1213-MIB::ifInDiscards.1 = Counter32: 0
RFC1213-MIB::ifInErrors.1 = Counter32: 0
RFC1213-MIB::ifInUnknownProtos.1 = Counter32: 0
RFC1213-MIB::ifOutOctets.1 = Counter32: 2342226
RFC1213-MIB::ifOutUcastPkts.1 = Counter32: 13906
RFC1213-MIB::ifOutNUcastPkts.1 = Counter32: 0
RFC1213-MIB::ifOutDiscards.1 = Counter32: 0
RFC1213-MIB::ifOutErrors.1 = Counter32: 0
RFC1213-MIB::ifOutQLen.1 = Gauge32: 16
RFC1213-MIB::ifSpecific.1 = OID: RFC1155-SMI::internet
RFC1213-MIB::atIfIndex.1 = INTEGER: 0
RFC1213-MIB::atIfIndex.2 = INTEGER: 1
RFC1213-MIB::atIfIndex.52 = INTEGER: 51
RFC1213-MIB::atIfIndex.132 = INTEGER: 131
RFC1213-MIB::atPhysAddress.1 = Hex-STRING: FF FF FF FF FF FF 
RFC1213-MIB::atPhysAddress.2 = Hex-STRING: FF FF FF FF FF FF 
RFC1213-MIB::atPhysAddress.52 = Hex-STRING: 00 11 43 48 D9 8B 
RFC1213-MIB::atPhysAddress.132 = Hex-STRING: 00 0C 76 FD A2 0E 
RFC1213-MIB::atNetAddress.1 = Network Address: FF:FF:FF:FF
RFC1213-MIB::atNetAddress.2 = Network Address: 00:00:00:00
RFC1213-MIB::atNetAddress.52 = Network Address: 8F:82:32:2B
RFC1213-MIB::atNetAddress.132 = Network Address: 8F:82:32:7B
RFC1213-MIB::ipForwarding.0 = INTEGER: not-forwarding(2)
RFC1213-MIB::ipDefaultTTL.0 = INTEGER: 200
RFC1213-MIB::ipInReceives.0 = Counter32: 31326
RFC1213-MIB::ipInHdrErrors.0 = Counter32: 0
RFC1213-MIB::ipInAddrErrors.0 = Counter32: 0
RFC1213-MIB::ipForwDatagrams.0 = Counter32: 0
RFC1213-MIB::ipInUnknownProtos.0 = Counter32: 0
RFC1213-MIB::ipInDiscards.0 = Counter32: 0
RFC1213-MIB::ipInDelivers.0 = Counter32: 31332
RFC1213-MIB::ipOutRequests.0 = Counter32: 13869
RFC1213-MIB::ipOutDiscards.0 = Counter32: 0
RFC1213-MIB::ipOutNoRoutes.0 = Counter32: 0
RFC1213-MIB::ipReasmTimeout.0 = INTEGER: 60
RFC1213-MIB::ipReasmReqds.0 = Counter32: 0
RFC1213-MIB::ipReasmOKs.0 = Counter32: 0
RFC1213-MIB::ipReasmFails.0 = Counter32: 0
RFC1213-MIB::ipFragOKs.0 = Counter32: 0
RFC1213-MIB::ipFragFails.0 = Counter32: 0
RFC1213-MIB::ipFragCreates.0 = Counter32: 0
RFC1213-MIB::ipAdEntAddr.0 = IpAddress: 143.130.49.201
RFC1213-MIB::ipAdEntIfIndex.0 = INTEGER: 1
RFC1213-MIB::ipAdEntNetMask.0 = IpAddress: 255.255.240.0
RFC1213-MIB::ipAdEntBcastAddr.0 = INTEGER: 1
RFC1213-MIB::ipAdEntReasmMaxSize.0 = INTEGER: 1480
RFC1213-MIB::ipRouteDest.0 = IpAddress: 0.0.0.0
RFC1213-MIB::ipRouteDest.48.33423 = IpAddress: 143.130.48.0
RFC1213-MIB::ipNetToMediaIfIndex.1 = INTEGER: 0
RFC1213-MIB::ipNetToMediaIfIndex.2 = INTEGER: 1
RFC1213-MIB::ipNetToMediaIfIndex.52 = INTEGER: 51
RFC1213-MIB::ipNetToMediaIfIndex.132 = INTEGER: 131
RFC1213-MIB::ipNetToMediaPhysAddress.1 = Hex-STRING: FF FF FF FF FF FF 
RFC1213-MIB::ipNetToMediaPhysAddress.2 = Hex-STRING: FF FF FF FF FF FF 
RFC1213-MIB::ipNetToMediaPhysAddress.52 = Hex-STRING: 00 11 43 48 D9 8B 
RFC1213-MIB::ipNetToMediaPhysAddress.132 = Hex-STRING: 00 0C 76 FD A2 0E 
RFC1213-MIB::ipNetToMediaNetAddress.1 = IpAddress: 255.255.255.255
RFC1213-MIB::ipNetToMediaNetAddress.2 = IpAddress: 0.0.0.0
RFC1213-MIB::ipNetToMediaNetAddress.52 = IpAddress: 143.130.50.43
RFC1213-MIB::ipNetToMediaNetAddress.132 = IpAddress: 143.130.50.123
RFC1213-MIB::ipNetToMediaType.1 = INTEGER: static(4)
RFC1213-MIB::ipNetToMediaType.2 = INTEGER: static(4)
RFC1213-MIB::ipNetToMediaType.52 = INTEGER: dynamic(3)
RFC1213-MIB::ipNetToMediaType.132 = INTEGER: dynamic(3)
RFC1213-MIB::ipRoutingDiscards.0 = Counter32: 0
RFC1213-MIB::icmpInMsgs.0 = Counter32: 8
RFC1213-MIB::icmpInErrors.0 = Counter32: 0
RFC1213-MIB::icmpInDestUnreachs.0 = Counter32: 0
RFC1213-MIB::icmpInTimeExcds.0 = Counter32: 0
RFC1213-MIB::icmpInParmProbs.0 = Counter32: 0
RFC1213-MIB::icmpInSrcQuenchs.0 = Counter32: 0
RFC1213-MIB::icmpInRedirects.0 = Counter32: 0
RFC1213-MIB::icmpInEchos.0 = Counter32: 0
RFC1213-MIB::icmpInEchoReps.0 = Counter32: 8
RFC1213-MIB::icmpInTimestamps.0 = Counter32: 0
RFC1213-MIB::icmpInTimestampReps.0 = Counter32: 0
RFC1213-MIB::icmpInAddrMasks.0 = Counter32: 0
RFC1213-MIB::icmpInAddrMaskReps.0 = Counter32: 0
RFC1213-MIB::icmpOutMsgs.0 = Counter32: 12
RFC1213-MIB::icmpOutErrors.0 = Counter32: 0
RFC1213-MIB::icmpOutDestUnreachs.0 = Counter32: 0
RFC1213-MIB::icmpOutTimeExcds.0 = Counter32: 0
RFC1213-MIB::icmpOutParmProbs.0 = Counter32: 0
RFC1213-MIB::icmpOutSrcQuenchs.0 = Counter32: 0
RFC1213-MIB::icmpOutRedirects.0 = Counter32: 0
RFC1213-MIB::icmpOutEchos.0 = Counter32: 0
RFC1213-MIB::icmpOutEchoReps.0 = Counter32: 12
RFC1213-MIB::icmpOutTimestamps.0 = Counter32: 0
RFC1213-MIB::icmpOutTimestampReps.0 = Counter32: 0
RFC1213-MIB::icmpOutAddrMasks.0 = Counter32: 0
RFC1213-MIB::icmpOutAddrMaskReps.0 = Counter32: 0
RFC1213-MIB::tcpRtoAlgorithm.0 = INTEGER: vanj(4)
RFC1213-MIB::tcpRtoMin.0 = INTEGER: 500
RFC1213-MIB::tcpRtoMax.0 = INTEGER: 20000
RFC1213-MIB::tcpMaxConn.0 = INTEGER: 24
RFC1213-MIB::tcpActiveOpens.0 = Counter32: 0
RFC1213-MIB::tcpPassiveOpens.0 = Counter32: 3931
RFC1213-MIB::tcpAttemptFails.0 = Counter32: 0
RFC1213-MIB::tcpEstabResets.0 = Counter32: 0
RFC1213-MIB::tcpCurrEstab.0 = Gauge32: 0
RFC1213-MIB::tcpInSegs.0 = Counter32: 16500
RFC1213-MIB::tcpOutSegs.0 = Counter32: 12446
RFC1213-MIB::tcpRetransSegs.0 = Counter32: 0
RFC1213-MIB::tcpInErrs.0 = Counter32: 0
RFC1213-MIB::tcpOutRsts.0 = Counter32: 0
RFC1213-MIB::udpInDatagrams.0 = Counter32: 1493
RFC1213-MIB::udpNoPorts.0 = Counter32: 13406
RFC1213-MIB::udpInErrors.0 = Counter32: 0
RFC1213-MIB::udpOutDatagrams.0 = Counter32: 1488
RFC1213-MIB::udpLocalAddress.69 = IpAddress: 143.130.49.201
RFC1213-MIB::udpLocalAddress.137 = IpAddress: 143.130.49.201
RFC1213-MIB::udpLocalAddress.161 = IpAddress: 143.130.49.201
RFC1213-MIB::udpLocalAddress.200 = IpAddress: 143.130.49.201
RFC1213-MIB::udpLocalAddress.1041 = IpAddress: 143.130.49.201
RFC1213-MIB::udpLocalAddress.3233 = IpAddress: 143.130.49.201
RFC1213-MIB::udpLocalAddress.3234 = IpAddress: 143.130.49.201
RFC1213-MIB::udpLocalAddress.3235 = IpAddress: 143.130.49.201
RFC1213-MIB::udpLocalAddress.3236 = IpAddress: 143.130.49.201
RFC1213-MIB::udpLocalAddress.8192 = IpAddress: 143.130.49.201
RFC1213-MIB::udpLocalPort.69 = INTEGER: 69
RFC1213-MIB::udpLocalPort.137 = INTEGER: 137
RFC1213-MIB::udpLocalPort.161 = INTEGER: 161
RFC1213-MIB::udpLocalPort.200 = INTEGER: 200
RFC1213-MIB::udpLocalPort.1041 = INTEGER: 1041
RFC1213-MIB::udpLocalPort.3233 = INTEGER: 3233
RFC1213-MIB::udpLocalPort.3234 = INTEGER: 3234
RFC1213-MIB::udpLocalPort.3235 = INTEGER: 3235
RFC1213-MIB::udpLocalPort.3236 = INTEGER: 3236
RFC1213-MIB::udpLocalPort.8192 = INTEGER: 8192
RFC1213-MIB::snmpInPkts.0 = Counter32: 1510
RFC1213-MIB::snmpOutPkts.0 = Counter32: 1498
RFC1213-MIB::snmpInBadVersions.0 = Counter32: 12
RFC1213-MIB::snmpInBadCommunityNames.0 = Counter32: 0
RFC1213-MIB::snmpInBadCommunityUses.0 = Counter32: 0
RFC1213-MIB::snmpInASNParseErrs.0 = Counter32: 0
RFC1213-MIB::snmpInTooBigs.0 = Counter32: 0
RFC1213-MIB::snmpInNoSuchNames.0 = Counter32: 0
RFC1213-MIB::snmpInBadValues.0 = Counter32: 0
RFC1213-MIB::snmpInReadOnlys.0 = Counter32: 0
RFC1213-MIB::snmpInGenErrs.0 = Counter32: 0
RFC1213-MIB::snmpInTotalReqVars.0 = Counter32: 1507
RFC1213-MIB::snmpInTotalSetVars.0 = Counter32: 0
RFC1213-MIB::snmpInGetRequests.0 = Counter32: 0
RFC1213-MIB::snmpInGetNexts.0 = Counter32: 1512
RFC1213-MIB::snmpInSetRequests.0 = Counter32: 0
RFC1213-MIB::snmpInGetResponses.0 = Counter32: 0
RFC1213-MIB::snmpInTraps.0 = Counter32: 0
RFC1213-MIB::snmpOutTooBigs.0 = Counter32: 0
RFC1213-MIB::snmpOutNoSuchNames.0 = Counter32: 1
RFC1213-MIB::snmpOutBadValues.0 = Counter32: 0
RFC1213-MIB::snmpOutGenErrs.0 = Counter32: 0
RFC1213-MIB::snmpOutGetRequests.0 = Counter32: 0
RFC1213-MIB::snmpOutGetNexts.0 = Counter32: 0
RFC1213-MIB::snmpOutSetRequests.0 = Counter32: 0
RFC1213-MIB::snmpOutGetResponses.0 = Counter32: 1522
RFC1213-MIB::snmpOutTraps.0 = Counter32: 0
RFC1213-MIB::snmpEnableAuthenTraps.0 = INTEGER: 0
UPS-MIB::upsIdentManufacturer.0 = STRING: "Powerware Corporation"
UPS-MIB::upsIdentModel.0 = STRING: "9355-40-N-0         "
UPS-MIB::upsIdentUPSSoftwareVersion.0 = STRING: "  INV: 2.36  IFC: 1.12"
UPS-MIB::upsIdentAgentSoftwareVersion.0 = STRING: "ConnectUPS Web/SNMP Card V4.28"
UPS-MIB::upsIdentName.0 = STRING: "ID: 369272          , Msg: 1025803         "
UPS-MIB::upsIdentAttachedDevices.0 = STRING: "No upsIdentAttachedDevices set"
UPS-MIB::upsBatteryStatus.0 = INTEGER: batteryNormal(2)
UPS-MIB::upsSecondsOnBattery.0 = INTEGER: 0
UPS-MIB::upsEstimatedMinutesRemaining.0 = INTEGER: 166
UPS-MIB::upsEstimatedChargeRemaining.0 = INTEGER: 100
UPS-MIB::upsBatteryVoltage.0 = INTEGER: 4708
UPS-MIB::upsBatteryCurrent.0 = INTEGER: 0
UPS-MIB::upsInputLineBads.0 = Counter32: 0
UPS-MIB::upsInputNumLines.0 = INTEGER: 3
UPS-MIB::upsInputFrequency.1 = INTEGER: 500
UPS-MIB::upsInputFrequency.2 = INTEGER: 500
UPS-MIB::upsInputFrequency.3 = INTEGER: 500
UPS-MIB::upsInputVoltage.1 = INTEGER: 230
UPS-MIB::upsInputVoltage.2 = INTEGER: 230
UPS-MIB::upsInputVoltage.3 = INTEGER: 230
UPS-MIB::upsInputCurrent.1 = INTEGER: 180
UPS-MIB::upsInputCurrent.2 = INTEGER: 180
UPS-MIB::upsInputCurrent.3 = INTEGER: 180
UPS-MIB::upsOutputSource.0 = INTEGER: normal(3)
UPS-MIB::upsOutputFrequency.0 = INTEGER: 500
UPS-MIB::upsOutputNumLines.0 = INTEGER: 3
UPS-MIB::upsOutputLineIndex.1 = INTEGER: 1
UPS-MIB::upsOutputLineIndex.2 = INTEGER: 2
UPS-MIB::upsOutputLineIndex.3 = INTEGER: 3
UPS-MIB::upsOutputVoltage.1 = INTEGER: 229
UPS-MIB::upsOutputVoltage.2 = INTEGER: 230
UPS-MIB::upsOutputVoltage.3 = INTEGER: 230
UPS-MIB::upsOutputCurrent.1 = INTEGER: 227
UPS-MIB::upsOutputCurrent.2 = INTEGER: 186
UPS-MIB::upsOutputCurrent.3 = INTEGER: 198
UPS-MIB::upsOutputPower.1 = INTEGER: 4783
UPS-MIB::upsOutputPower.2 = INTEGER: 3923
UPS-MIB::upsOutputPower.3 = INTEGER: 4163
UPS-MIB::upsOutputPercentLoad.1 = INTEGER: 39
UPS-MIB::upsOutputPercentLoad.2 = INTEGER: 32
UPS-MIB::upsOutputPercentLoad.3 = INTEGER: 34
UPS-MIB::upsBypassFrequency.0 = INTEGER: 500
UPS-MIB::upsBypassNumLines.0 = INTEGER: 3
UPS-MIB::upsBypassLineIndex.1 = INTEGER: 1
UPS-MIB::upsBypassLineIndex.2 = INTEGER: 2
UPS-MIB::upsBypassLineIndex.3 = INTEGER: 3
UPS-MIB::upsBypassVoltage.1 = INTEGER: 230
UPS-MIB::upsBypassVoltage.2 = INTEGER: 231
UPS-MIB::upsBypassVoltage.3 = INTEGER: 230
UPS-MIB::upsAlarmsPresent.0 = Gauge32: 0
UPS-MIB::upsTestId.0 = OID: UPS-MIB::upsTestNoTestsInitiated
UPS-MIB::upsTestSpinLock.0 = INTEGER: 205
UPS-MIB::upsTestResultsSummary.0 = INTEGER: noTestsInitiated(6)
UPS-MIB::upsTestResultsDetail.0 = STRING: "Battery test passed"
UPS-MIB::upsTestStartTime.0 = Timeticks: (0) 0:00:00.00
UPS-MIB::upsTestElapsedTime.0 = Timeticks: (0) 0:00:00.00
UPS-MIB::upsShutdownType.0 = INTEGER: system(2)
UPS-MIB::upsShutdownAfterDelay.0 = INTEGER: -1
UPS-MIB::upsStartupAfterDelay.0 = INTEGER: -1
UPS-MIB::upsRebootWithDuration.0 = INTEGER: -1
UPS-MIB::upsAutoRestart.0 = INTEGER: off(2)
UPS-MIB::upsConfigInputVoltage.0 = INTEGER: 230
UPS-MIB::upsConfigInputFreq.0 = INTEGER: 550
UPS-MIB::upsConfigOutputVoltage.0 = INTEGER: 230
UPS-MIB::upsConfigOutputFreq.0 = INTEGER: 500
UPS-MIB::upsConfigOutputVA.0 = INTEGER: 40000
UPS-MIB::upsConfigOutputPower.0 = INTEGER: 36000
UPS-MIB::upsConfigLowBattTime.0 = INTEGER: 1
UPS-MIB::upsConfigAudibleStatus.0 = INTEGER: muted(3)
UPS-MIB::upsConfigLowVoltageTransferPoint.0 = INTEGER: 181
UPS-MIB::upsConfigHiVoltageTransferPoint.0 = INTEGER: 278
