XUPS-MIB::xupsIdentManufacturer.0 = STRING: "Powerware Corporation"
XUPS-MIB::xupsIdentModel.0 = STRING: "9355-40-N-0         "
XUPS-MIB::xupsIdentSoftwareVersion.0 = STRING: "  INV: 2.36  IFC: 1.12"
XUPS-MIB::xupsIdentOemCode.0 = INTEGER: 0
XUPS-MIB::xupsBatTimeRemaining.0 = INTEGER: 9773
XUPS-MIB::xupsBatVoltage.0 = INTEGER: 471
XUPS-MIB::xupsBatCurrent.0 = INTEGER: 0
XUPS-MIB::xupsBatCapacity.0 = INTEGER: 100
XUPS-MIB::xupsBatteryAbmStatus.0 = INTEGER: batteryResting(4)
XUPS-MIB::xupsBatteryLastReplacedDate.0 = STRING: "01/01/2001"
XUPS-MIB::xupsInputFrequency.0 = INTEGER: 500
XUPS-MIB::xupsInputLineBads.0 = Counter32: 0
XUPS-MIB::xupsInputNumPhases.0 = INTEGER: 3
XUPS-MIB::xupsInputPhase.1 = INTEGER: 1
XUPS-MIB::xupsInputPhase.2 = INTEGER: 2
XUPS-MIB::xupsInputPhase.3 = INTEGER: 3
XUPS-MIB::xupsInputVoltage.1 = INTEGER: 231
XUPS-MIB::xupsInputVoltage.2 = INTEGER: 230
XUPS-MIB::xupsInputVoltage.3 = INTEGER: 230
XUPS-MIB::xupsInputCurrent.1 = INTEGER: 19
XUPS-MIB::xupsInputCurrent.2 = INTEGER: 19
XUPS-MIB::xupsInputCurrent.3 = INTEGER: 19
XUPS-MIB::xupsInputSource.0 = INTEGER: primaryUtility(3)
XUPS-MIB::xupsOutputLoad.0 = INTEGER: 40
XUPS-MIB::xupsOutputFrequency.0 = INTEGER: 500
XUPS-MIB::xupsOutputNumPhases.0 = INTEGER: 3
XUPS-MIB::xupsOutputPhase.1 = INTEGER: 1
XUPS-MIB::xupsOutputPhase.2 = INTEGER: 2
XUPS-MIB::xupsOutputPhase.3 = INTEGER: 3
XUPS-MIB::xupsOutputVoltage.1 = INTEGER: 229
XUPS-MIB::xupsOutputVoltage.2 = INTEGER: 230
XUPS-MIB::xupsOutputVoltage.3 = INTEGER: 230
XUPS-MIB::xupsOutputCurrent.1 = INTEGER: 23
XUPS-MIB::xupsOutputCurrent.2 = INTEGER: 19
XUPS-MIB::xupsOutputCurrent.3 = INTEGER: 19
XUPS-MIB::xupsOutputWatts.1 = INTEGER: 4853
XUPS-MIB::xupsOutputWatts.2 = INTEGER: 4025
XUPS-MIB::xupsOutputWatts.3 = INTEGER: 4154
XUPS-MIB::xupsOutputSource.0 = INTEGER: normal(3)
XUPS-MIB::xupsBypassFrequency.0 = INTEGER: 500
XUPS-MIB::xupsBypassNumPhases.0 = INTEGER: 3
XUPS-MIB::xupsBypassPhase.1 = INTEGER: 1
XUPS-MIB::xupsBypassPhase.2 = INTEGER: 2
XUPS-MIB::xupsBypassPhase.3 = INTEGER: 3
XUPS-MIB::xupsBypassVoltage.1 = INTEGER: 231
XUPS-MIB::xupsBypassVoltage.2 = INTEGER: 231
XUPS-MIB::xupsBypassVoltage.3 = INTEGER: 230
XUPS-MIB::xupsEnvAmbientTemp.0 = INTEGER: 28
XUPS-MIB::xupsEnvAmbientLowerLimit.0 = INTEGER: 0
XUPS-MIB::xupsEnvAmbientUpperLimit.0 = INTEGER: 83
XUPS-MIB::xupsEnvNumContacts.0 = INTEGER: 0
XUPS-MIB::xupsAlarms.0 = Gauge32: 0
XUPS-MIB::xupsAlarmNumEvents.0 = Gauge32: 0
XUPS-MIB::xupsTestStart.0 = INTEGER: testBattery(1)
XUPS-MIB::xupsTestBatteryStatus.0 = INTEGER: passed(2)
XUPS-MIB::xupsControlOutputOffDelay.0 = INTEGER: 0
XUPS-MIB::xupsControlOutputOnDelay.0 = INTEGER: 0
XUPS-MIB::xupsControlOutputOffTrapDelay.0 = INTEGER: 0
XUPS-MIB::xupsControlOutputOnTrapDelay.0 = INTEGER: 0
XUPS-MIB::xupsControlToBypassDelay.0 = INTEGER: 0
XUPS-MIB::xupsLoadShedSecsWithRestart.0 = INTEGER: 0
XUPS-MIB::xupsConfigOutputVoltage.0 = INTEGER: 230
XUPS-MIB::xupsConfigInputVoltage.0 = INTEGER: 230
XUPS-MIB::xupsConfigOutputWatts.0 = INTEGER: 36000
XUPS-MIB::xupsConfigOutputFreq.0 = INTEGER: 500
XUPS-MIB::xupsConfigDateAndTime.0 = STRING: "07/11/2008 17:10:20"
XUPS-MIB::xupsConfigInstallDate.0 = STRING: "01/01/2001"
XUPS-MIB::xupsMaxTrapLevel.0 = INTEGER: 5
XUPS-MIB::xupsSendTrapType.0 = INTEGER: stnd(1)
XUPS-MIB::xupsTrapMessage.0 = ""
XUPS-MIB::xupsNumReceptacles.0 = INTEGER: 0
XUPS-MIB::xupsTopologyType.0 = INTEGER: 66
XUPS-MIB::xupsTopoMachineCode.0 = INTEGER: 401
XUPS-MIB::xupsTopoUnitNumber.0 = INTEGER: 0
End of MIB
